camera cam1         
pixeldim   800   600
worlddim 8.000000 6.000000
viewpoint 4.000000 3.000000 3.000000

material     red 
ambient       10.0   0.0   0.0 
diffuse        0.0   0.0   0.0 
specular       0.0 

shininess      0.0 

transparency   0.0 


material     green 
ambient        0.0  10.0   0.0 
diffuse        0.0   0.0   0.0 
specular       0.0 

shininess      0.0 

transparency   0.0 


material     white 
ambient       15.0  25.0  25.0 
diffuse        0.0   0.0   0.0 
specular       0.0 

shininess      0.0 

transparency   0.0 


material     black 
ambient        0.0   0.0   0.0 
diffuse        0.0   0.0   0.0 
specular       0.0 

shininess      0.0 

transparency   0.0 


material     yellow 
ambient        5.0   4.0   0.0 
diffuse        0.0   0.0   0.0 
specular       0.0 

shininess      0.0 

transparency   0.0 

normal 0.9 0.0 0.4 
point 1.0 0.0 0.0 


normal -0.9 0.0 0.4 
point 7.0 0.0 0.0 


normal 0.0 1.0 0.0 
point 0.0 -1.0 0.0 


center       4.0 3.0 -2.0
radius       1.8

center       2.4 3.8 -0.8
radius       0.8

center       5.6 3.8 -0.8
radius       0.8

